<?xml version='1.0' encoding='UTF-8'?>
<testsuite hostname="DESKTOP-LQKK3UT" name="com.yevhenii.parsing.validation.BracketsValidatorSpec" tests="3" errors="0" failures="0" skipped="0" time="0.027" timestamp="2019-09-17T00:26:23">
                     <properties>
[...]
</properties>
                     <testcase classname="com.yevhenii.parsing.validation.BracketsValidatorSpec" name="BracketsValidator should validate correct algebraic expression" time="0.022">
                                                 
                                               </testcase><testcase classname="com.yevhenii.parsing.validation.BracketsValidatorSpec" name="BracketsValidator should find all errors during validation algebraic expression" time="0.002">
                                                 
                                               </testcase><testcase classname="com.yevhenii.parsing.validation.BracketsValidatorSpec" name="BracketsValidator should find all errors during validation algebraic expression 2" time="0.003">
                                                 
                                               </testcase>
                     <system-out><![CDATA[]]></system-out>
                     <system-err><![CDATA[]]></system-err>
                   </testsuite>